2026-03-20 23:51:53,208  INFO      Conexión Oracle (Thin mode) establecida correctamente.
2026-03-20 23:51:53,257  INFO      Conexión PostgreSQL establecida correctamente.
2026-03-20 23:51:53,257  INFO      PASO 1 — Consultando mensajes COPRAR en Oracle…
2026-03-20 23:52:24,060  INFO      PASO 2 — Consultando equipamientos para ID_INTERNO=685236…
2026-03-20 23:52:24,174  INFO        → 5 equipamientos recuperados de Oracle.
2026-03-20 23:52:24,179  INFO        → DELETE equipamientos_escala WHERE escala=82784: 5 filas eliminadas.
2026-03-20 23:52:30,003  INFO      equipamientos insertados en equipamientos_escala.
2026-03-20 23:52:30,006  INFO        → 1 filas actualizadas con tara desde tabla taras.
2026-03-20 23:52:30,007  INFO      equipamientos insertados en equipamientos_escala.
2026-03-20 23:52:30,010  INFO        → 1 filas actualizadas con tara desde tabla taras.
2026-03-20 23:52:30,011  INFO      equipamientos insertados en equipamientos_escala.
2026-03-20 23:52:30,012  INFO        → 1 filas actualizadas con tara desde tabla taras.
2026-03-20 23:52:30,014  INFO      equipamientos insertados en equipamientos_escala.
2026-03-20 23:52:30,014  INFO        → 1 filas actualizadas con tara desde tabla taras.
2026-03-20 23:52:30,015  INFO      equipamientos insertados en equipamientos_escala.
2026-03-20 23:52:30,015  INFO        → 1 filas actualizadas con tara desde tabla taras.
2026-03-20 23:52:36,696  INFO      PASO 2 completado y cambios confirmados en PostgreSQL.
2026-03-20 23:52:59,773  INFO      PASO 3 — Cargando partidas para escala=82784…
2026-03-20 23:53:11,220  INFO        → 5 equipamientos a procesar.
2026-03-20 23:54:17,826  WARNING     [AVISO] Sin registros en Oracle para equipamiento: ECMU5652565
2026-03-20 23:54:25,039  WARNING     [AVISO] Sin registros en Oracle para equipamiento: ECMU5652708
2026-03-20 23:58:15,143  ERROR     Error inesperado: not all arguments converted during string formatting
Traceback (most recent call last):
  File "/Users/jgportic/Development/MyDevelopmet/Antigravity/lse/portic_etl.py", line 407, in main
    paso3_cargar_partidas(ora_conn, pg_conn, port_call_number)
  File "/Users/jgportic/Development/MyDevelopmet/Antigravity/lse/portic_etl.py", line 303, in paso3_cargar_partidas
    cur_pg.execute(INSERT_PARTIDA, (
TypeError: not all arguments converted during string formatting
2026-03-20 23:58:15,176  INFO      Conexiones cerradas.
