2026-03-20 23:47:49,308  INFO      Conexión Oracle (Thin mode) establecida correctamente.
2026-03-20 23:47:49,412  INFO      Conexión PostgreSQL establecida correctamente.
2026-03-20 23:47:49,412  INFO      PASO 1 — Consultando mensajes COPRAR en Oracle…
2026-03-20 23:48:40,207  INFO      PASO 2 — Consultando equipamientos para ID_INTERNO=685236…
2026-03-20 23:48:46,641  INFO        → 5 equipamientos recuperados de Oracle.
2026-03-20 23:48:58,254  INFO        → DELETE equipamientos_escala WHERE escala=82784: 0 filas eliminadas.
2026-03-20 23:49:34,916  INFO      equipamientos insertados en equipamientos_escala.
2026-03-20 23:50:25,761  INFO        → 1 filas actualizadas con tara desde tabla taras.
2026-03-20 23:50:37,921  INFO      equipamientos insertados en equipamientos_escala.
2026-03-20 23:50:40,940  INFO        → 1 filas actualizadas con tara desde tabla taras.
2026-03-20 23:50:45,418  INFO      equipamientos insertados en equipamientos_escala.
2026-03-20 23:50:47,157  INFO        → 1 filas actualizadas con tara desde tabla taras.
2026-03-20 23:50:52,045  INFO      equipamientos insertados en equipamientos_escala.
2026-03-20 23:50:54,361  INFO        → 1 filas actualizadas con tara desde tabla taras.
2026-03-20 23:50:57,082  INFO      equipamientos insertados en equipamientos_escala.
2026-03-20 23:50:59,661  INFO        → 1 filas actualizadas con tara desde tabla taras.
2026-03-20 23:51:01,721  INFO      PASO 2 completado y cambios confirmados en PostgreSQL.
2026-03-20 23:51:04,971  INFO      PASO 3 — Cargando partidas para escala=82784…
2026-03-20 23:51:04,972  INFO        → 5 equipamientos a procesar.
2026-03-20 23:51:05,003  WARNING     [AVISO] Sin registros en Oracle para equipamiento: ECMU5652565
2026-03-20 23:51:05,087  WARNING     [AVISO] Sin registros en Oracle para equipamiento: ECMU5652708
2026-03-20 23:51:10,929  ERROR     Error inesperado: not all arguments converted during string formatting
Traceback (most recent call last):
  File "/Users/jgportic/Development/MyDevelopmet/Antigravity/lse/portic_etl.py", line 407, in main
    paso3_cargar_partidas(ora_conn, pg_conn, port_call_number)
  File "/Users/jgportic/Development/MyDevelopmet/Antigravity/lse/portic_etl.py", line 303, in paso3_cargar_partidas
    cur_pg.execute(INSERT_PARTIDA, (
TypeError: not all arguments converted during string formatting
