2026-03-21 00:05:18,523  INFO      Conexión Oracle (Thin mode) establecida correctamente.
2026-03-21 00:05:18,558  INFO      Conexión PostgreSQL establecida correctamente.
2026-03-21 00:05:18,558  INFO      PASO 1 — Consultando mensajes COPRAR en Oracle…
2026-03-21 00:05:40,375  INFO      PASO 2 — Consultando equipamientos para ID_INTERNO=685236…
2026-03-21 00:05:40,499  INFO        → 5 equipamientos recuperados de Oracle.
2026-03-21 00:05:40,509  INFO        → DELETE equipamientos_escala WHERE escala=82784: 5 filas eliminadas.
2026-03-21 00:05:40,513  INFO      equipamientos insertados en equipamientos_escala.
2026-03-21 00:05:40,516  INFO        → 1 filas actualizadas con tara desde tabla taras.
2026-03-21 00:05:40,517  INFO      equipamientos insertados en equipamientos_escala.
2026-03-21 00:05:40,517  INFO        → 1 filas actualizadas con tara desde tabla taras.
2026-03-21 00:05:40,517  INFO      equipamientos insertados en equipamientos_escala.
2026-03-21 00:05:40,518  INFO        → 1 filas actualizadas con tara desde tabla taras.
2026-03-21 00:05:40,520  INFO      equipamientos insertados en equipamientos_escala.
2026-03-21 00:05:40,526  INFO        → 1 filas actualizadas con tara desde tabla taras.
2026-03-21 00:05:40,530  INFO      equipamientos insertados en equipamientos_escala.
2026-03-21 00:05:40,531  INFO        → 1 filas actualizadas con tara desde tabla taras.
2026-03-21 00:05:40,533  INFO      PASO 2 completado y cambios confirmados en PostgreSQL.
2026-03-21 00:05:40,533  INFO      PASO 3 — Cargando partidas para escala=82784…
2026-03-21 00:05:40,534  INFO        → 5 equipamientos a procesar.
2026-03-21 00:05:40,534  INFO        → Consultando bloque de 5 equipamientos en Oracle…
2026-03-21 00:05:40,660  INFO        ✓ Recibidas 3 partidas de Oracle. Insertando en Postgres…
2026-03-21 00:05:40,669  ERROR     Error inesperado: column "equipamiento" of relation "partidas_equipamiento" does not exist
LINE 4:          fecha_evento, nombre_evento, equipamiento)
                                              ^
Traceback (most recent call last):
  File "/Users/jgportic/Development/MyDevelopmet/Antigravity/lse/portic_etl.py", line 418, in main
    paso3_cargar_partidas(ora_conn, pg_conn, port_call_number)
  File "/Users/jgportic/Development/MyDevelopmet/Antigravity/lse/portic_etl.py", line 325, in paso3_cargar_partidas
    execute_values(cur_pg, INSERT_PARTIDA, data_to_insert)
  File "/Users/jgportic/Development/MyDevelopmet/Antigravity/lse/venv/lib/python3.10/site-packages/psycopg2/extras.py", line 1299, in execute_values
    cur.execute(b''.join(parts))
psycopg2.errors.UndefinedColumn: column "equipamiento" of relation "partidas_equipamiento" does not exist
LINE 4:          fecha_evento, nombre_evento, equipamiento)
                                              ^

2026-03-21 00:05:41,292  INFO      Conexiones cerradas.
