2026-03-21 00:03:02,260  INFO      Conexión Oracle (Thin mode) establecida correctamente.
2026-03-21 00:03:02,294  INFO      Conexión PostgreSQL establecida correctamente.
2026-03-21 00:03:02,294  INFO      PASO 1 — Consultando mensajes COPRAR en Oracle…
2026-03-21 00:03:34,435  INFO      PASO 2 — Consultando equipamientos para ID_INTERNO=685236…
2026-03-21 00:03:34,672  INFO        → 5 equipamientos recuperados de Oracle.
2026-03-21 00:03:34,680  INFO        → DELETE equipamientos_escala WHERE escala=82784: 0 filas eliminadas.
2026-03-21 00:03:34,682  INFO      equipamientos insertados en equipamientos_escala.
2026-03-21 00:03:34,687  INFO        → 1 filas actualizadas con tara desde tabla taras.
2026-03-21 00:03:34,688  INFO      equipamientos insertados en equipamientos_escala.
2026-03-21 00:03:34,689  INFO        → 1 filas actualizadas con tara desde tabla taras.
2026-03-21 00:03:34,689  INFO      equipamientos insertados en equipamientos_escala.
2026-03-21 00:03:34,690  INFO        → 1 filas actualizadas con tara desde tabla taras.
2026-03-21 00:03:34,691  INFO      equipamientos insertados en equipamientos_escala.
2026-03-21 00:03:34,694  INFO        → 1 filas actualizadas con tara desde tabla taras.
2026-03-21 00:03:34,694  INFO      equipamientos insertados en equipamientos_escala.
2026-03-21 00:03:34,695  INFO        → 1 filas actualizadas con tara desde tabla taras.
2026-03-21 00:03:34,697  INFO      PASO 2 completado y cambios confirmados en PostgreSQL.
2026-03-21 00:03:34,697  INFO      PASO 3 — Cargando partidas para escala=82784…
2026-03-21 00:03:34,698  INFO        → 5 equipamientos a procesar.
2026-03-21 00:03:34,698  INFO        → Consultando bloque de 5 equipamientos en Oracle…
2026-03-21 00:03:34,970  INFO        ✓ Recibidas 3 partidas de Oracle. Insertando en Postgres…
2026-03-21 00:03:34,975  ERROR     Error inesperado: the query contains more than one '%s' placeholder
Traceback (most recent call last):
  File "/Users/jgportic/Development/MyDevelopmet/Antigravity/lse/portic_etl.py", line 418, in main
    paso3_cargar_partidas(ora_conn, pg_conn, port_call_number)
  File "/Users/jgportic/Development/MyDevelopmet/Antigravity/lse/portic_etl.py", line 325, in paso3_cargar_partidas
    execute_values(cur_pg, INSERT_PARTIDA, data_to_insert)
  File "/Users/jgportic/Development/MyDevelopmet/Antigravity/lse/venv/lib/python3.10/site-packages/psycopg2/extras.py", line 1288, in execute_values
    pre, post = _split_sql(sql)
  File "/Users/jgportic/Development/MyDevelopmet/Antigravity/lse/venv/lib/python3.10/site-packages/psycopg2/extras.py", line 1324, in _split_sql
    raise ValueError(
ValueError: the query contains more than one '%s' placeholder
2026-03-21 00:03:35,092  INFO      Conexiones cerradas.
